<?xml version="1.0" encoding="UTF-8"?>
<!-- Generated by org.testng.reporters.JUnitXMLReporter -->
<testsuite hostname="AUY-LT-103" ignored="0" name="Test" tests="21" failures="3" timestamp="11 Sep 2018 14:50:28 GMT" time="1713.882" errors="0">
  <testcase name="test_Create_Chatter_Poll" time="50.368" classname="test.TestCreatePoll"/>
  <testcase name="test_Create_Chatter_Post" time="47.827" classname="test.TestCreatePost"/>
  <testcase name="test_Create_Chatter_Question" time="37.291" classname="test.TestCreateQuestion"/>
  <testcase name="test_Delete_Chatter_Poll" time="73.969" classname="test.TestDeletePoll"/>
  <testcase name="test_Delete_Chatter_Post" time="65.829" classname="test.TestDeletePost"/>
  <testcase name="test_Delete_Chatter_Question" time="32.741" classname="test.TestDeleteQuestion">
    <failure type="org.openqa.selenium.ElementNotInteractableException" message="Element &amp;lt;a href=&amp;quot;javascript:void(0);&amp;quot;&amp;gt; could not be scrolled into view
Build info: version: &amp;apos;3.13.0&amp;apos;, revision: &amp;apos;2f0d292&amp;apos;, time: &amp;apos;2018-06-25T15:24:21.231Z&amp;apos;
System info: host: &amp;apos;AUY-LT-103&amp;apos;, ip: &amp;apos;192.168.26.27&amp;apos;, os.name: &amp;apos;Windows 10&amp;apos;, os.arch: &amp;apos;amd64&amp;apos;, os.version: &amp;apos;10.0&amp;apos;, java.version: &amp;apos;1.8.0_181&amp;apos;
Driver info: org.openqa.selenium.firefox.FirefoxDriver
Capabilities {acceptInsecureCerts: true, browserName: firefox, browserVersion: 61.0.1, javascriptEnabled: true, moz:accessibilityChecks: false, moz:headless: false, moz:processID: 12012, moz:profile: C:\Users\dlatierro\AppData\..., moz:useNonSpecCompliantPointerOrigin: false, moz:webdriverClick: true, pageLoadStrategy: normal, platform: XP, platformName: XP, platformVersion: 10.0, rotatable: false, timeouts: {implicit: 0, pageLoad: 300000, script: 30000}}
Session ID: 47651a93-0f33-4c86-b4ce-933127fddb88">
      <![CDATA[org.openqa.selenium.ElementNotInteractableException: Element <a href="javascript:void(0);"> could not be scrolled into view
Build info: version: '3.13.0', revision: '2f0d292', time: '2018-06-25T15:24:21.231Z'
System info: host: 'AUY-LT-103', ip: '192.168.26.27', os.name: 'Windows 10', os.arch: 'amd64', os.version: '10.0', java.version: '1.8.0_181'
Driver info: org.openqa.selenium.firefox.FirefoxDriver
Capabilities {acceptInsecureCerts: true, browserName: firefox, browserVersion: 61.0.1, javascriptEnabled: true, moz:accessibilityChecks: false, moz:headless: false, moz:processID: 12012, moz:profile: C:\Users\dlatierro\AppData\..., moz:useNonSpecCompliantPointerOrigin: false, moz:webdriverClick: true, pageLoadStrategy: normal, platform: XP, platformName: XP, platformVersion: 10.0, rotatable: false, timeouts: {implicit: 0, pageLoad: 300000, script: 30000}}
Session ID: 47651a93-0f33-4c86-b4ce-933127fddb88
at org.openqa.selenium.remote.http.W3CHttpResponseCodec.createException(W3CHttpResponseCodec.java:187)
at org.openqa.selenium.remote.http.W3CHttpResponseCodec.decode(W3CHttpResponseCodec.java:122)
at org.openqa.selenium.remote.http.W3CHttpResponseCodec.decode(W3CHttpResponseCodec.java:49)
at org.openqa.selenium.remote.HttpCommandExecutor.execute(HttpCommandExecutor.java:158)
at org.openqa.selenium.remote.service.DriverCommandExecutor.execute(DriverCommandExecutor.java:83)
at org.openqa.selenium.remote.RemoteWebDriver.execute(RemoteWebDriver.java:548)
at org.openqa.selenium.remote.RemoteWebElement.execute(RemoteWebElement.java:276)
at org.openqa.selenium.remote.RemoteWebElement.click(RemoteWebElement.java:83)
at org.openqa.selenium.support.pagefactory.internal.LocatingElementHandler.invoke(LocatingElementHandler.java:51)
at com.sun.proxy.$Proxy9.click(Unknown Source)
at pageFactory.SalesforceChatter.clickOnDeleteOption(SalesforceChatter.java:165)
at pageFactory.SalesforceChatter.deletePost(SalesforceChatter.java:418)
at test.TestDeleteQuestion.test_Delete_Chatter_Question(TestDeleteQuestion.java:48)
... Removed 32 stack frames]]>
    </failure>
  </testcase> <!-- test_Delete_Chatter_Question -->
  <testcase name="test_Edit_Chatter_Post" time="72.618" classname="test.TestEditPost"/>
  <testcase name="test_Edit_Chatter_Question" time="69.239" classname="test.TestEditQuestion"/>
  <testcase name="test_Create_Comment_Poll" time="63.53" classname="test.TestCreateCommentOnPoll"/>
  <testcase name="test_Create_Comment_Post" time="66.216" classname="test.TestCreateCommentOnPost"/>
  <testcase name="test_Create_Comment_Question" time="50.624" classname="test.TestCreateCommentOnQuestion"/>
  <testcase name="test_Edit_Comment_Poll" time="97.671" classname="test.TestEditCommentOnPoll"/>
  <testcase name="test_Edit_Comment_Post" time="129.17" classname="test.TestEditCommentOnPost"/>
  <testcase name="test_Edit_Comment_Question" time="87.263" classname="test.TestEditCommentOnQuestion"/>
  <testcase name="test_Delete_Comment_Poll" time="93.79" classname="test.TestDeleteCommentOnPoll"/>
  <testcase name="test_Delete_Comment_Post" time="89.89" classname="test.TestDeleteCommentOnPost"/>
  <testcase name="test_Delete_Comment_Question" time="70.405" classname="test.TestDeleteCommentOnQuestion"/>
  <testcase name="test_Create_Chatter_Question_Attachment" time="70.752" classname="test.TestCreateQuestionWithAttachment">
    <failure type="java.lang.AssertionError" message="expected [true] but found [false]">
      <![CDATA[java.lang.AssertionError: expected [true] but found [false]
at test.TestCreateQuestionWithAttachment.test_Create_Chatter_Question_Attachment(TestCreateQuestionWithAttachment.java:54)
... Removed 29 stack frames]]>
    </failure>
  </testcase> <!-- test_Create_Chatter_Question_Attachment -->
  <testcase name="test_Create_Chatter_Post_Attachment" time="64.489" classname="test.TestCreatePostWithAttachment">
    <failure type="java.lang.AssertionError" message="expected [true] but found [false]">
      <![CDATA[java.lang.AssertionError: expected [true] but found [false]
at test.TestCreatePostWithAttachment.test_Create_Chatter_Post_Attachment(TestCreatePostWithAttachment.java:53)
... Removed 29 stack frames]]>
    </failure>
  </testcase> <!-- test_Create_Chatter_Post_Attachment -->
  <testcase name="test_Delete_Chatter_Question_Attachment" time="85.469" classname="test.TestDeleteQuestionWithAttachment"/>
  <testcase name="test_Delete_Chatter_Post_Attachment" time="84.46" classname="test.TestDeletePostWithAttachment"/>
</testsuite> <!-- Test -->
